<?xml version="1.0" encoding="UTF-8"?>
<testng-results ignored="0" total="1" passed="1" failed="0" skipped="0">
  <reporter-output>
  </reporter-output>
  <suite started-at="2019-01-31T10:57:17Z" name="Default suite" finished-at="2019-01-31T10:57:30Z" duration-ms="12707">
    <groups>
    </groups>
    <test started-at="2019-01-31T10:57:17Z" name="Default test" finished-at="2019-01-31T10:57:30Z" duration-ms="12707">
      <class name="test_credibll.CredibllSignupTestNG">
        <test-method is-config="true" signature="setUpPath()[pri:0, instance:test_credibll.CredibllSignupTestNG@291caca8]" started-at="2019-01-31T10:57:17Z" name="setUpPath" finished-at="2019-01-31T10:57:21Z" duration-ms="3755" status="PASS">
          <reporter-output>
          </reporter-output>
        </test-method> <!-- setUpPath -->
        <test-method signature="credibllSignUp()[pri:0, instance:test_credibll.CredibllSignupTestNG@291caca8]" started-at="2019-01-31T10:57:21Z" name="credibllSignUp" finished-at="2019-01-31T10:57:30Z" duration-ms="8924" status="PASS">
          <reporter-output>
          </reporter-output>
        </test-method> <!-- credibllSignUp -->
        <test-method is-config="true" signature="tearDownTest()[pri:0, instance:test_credibll.CredibllSignupTestNG@291caca8]" started-at="2019-01-31T10:57:30Z" name="tearDownTest" finished-at="2019-01-31T10:57:30Z" duration-ms="1" status="PASS">
          <reporter-output>
          </reporter-output>
        </test-method> <!-- tearDownTest -->
      </class> <!-- test_credibll.CredibllSignupTestNG -->
    </test> <!-- Default test -->
  </suite> <!-- Default suite -->
</testng-results>
